\BOOKMARK [0][-]{chapter.1}{\376\377\000T\000e\000a\000m\000\040\000I\000n\000f\000o\000r\000m\000a\000t\000i\000o\000n}{}% 1
\BOOKMARK [1][-]{section.1.1}{\376\377\000T\000e\000a\000m\000\040\000M\000e\000m\000b\000e\000r\000s}{chapter.1}% 2
\BOOKMARK [1][-]{section.1.2}{\376\377\000R\000o\000l\000e\000s\000\040\000\046\000\040\000R\000e\000s\000p\000o\000n\000s\000i\000b\000i\000l\000i\000t\000i\000e\000s}{chapter.1}% 3
\BOOKMARK [0][-]{chapter.2}{\376\377\000I\000n\000t\000r\000o\000d\000u\000c\000t\000i\000o\000n\000\040\000\046\000\040\000P\000r\000o\000b\000l\000e\000m\000\040\000D\000e\000f\000i\000n\000i\000t\000i\000o\000n}{}% 4
\BOOKMARK [1][-]{section.2.1}{\376\377\000I\000n\000t\000r\000o\000d\000u\000c\000t\000i\000o\000n}{chapter.2}% 5
\BOOKMARK [1][-]{section.2.2}{\376\377\000P\000r\000o\000b\000l\000e\000m\000\040\000S\000t\000a\000t\000e\000m\000e\000n\000t}{chapter.2}% 6
\BOOKMARK [1][-]{section.2.3}{\376\377\000G\000a\000p\000\040\000i\000n\000\040\000E\000x\000i\000s\000t\000i\000n\000g\000\040\000S\000o\000l\000u\000t\000i\000o\000n\000s}{chapter.2}% 7
\BOOKMARK [1][-]{section.2.4}{\376\377\000W\000h\000y\000\040\000Z\000e\000r\000o\000\040\000T\000r\000u\000s\000t\000\040\000f\000o\000r\000\040\000D\000a\000t\000a\000b\000a\000s\000e\000s\000\040\000i\000s\000\040\000D\000i\000f\000f\000e\000r\000e\000n\000t}{chapter.2}% 8
\BOOKMARK [0][-]{chapter.3}{\376\377\000P\000r\000o\000j\000e\000c\000t\000\040\000D\000e\000f\000i\000n\000i\000t\000i\000o\000n}{}% 9
\BOOKMARK [1][-]{section.3.1}{\376\377\000P\000r\000o\000j\000e\000c\000t\000\040\000D\000e\000f\000i\000n\000i\000t\000i\000o\000n\000\040\000\046\000\040\000S\000c\000o\000p\000e}{chapter.3}% 10
\BOOKMARK [1][-]{section.3.2}{\376\377\000O\000b\000j\000e\000c\000t\000i\000v\000e\000s}{chapter.3}% 11
\BOOKMARK [1][-]{section.3.3}{\376\377\000E\000x\000p\000e\000c\000t\000e\000d\000\040\000A\000c\000a\000d\000e\000m\000i\000c\000\040\000C\000o\000n\000t\000r\000i\000b\000u\000t\000i\000o\000n}{chapter.3}% 12
\BOOKMARK [0][-]{chapter.4}{\376\377\000R\000e\000q\000u\000i\000r\000e\000m\000e\000n\000t\000s\000\040\000E\000n\000g\000i\000n\000e\000e\000r\000i\000n\000g}{}% 13
\BOOKMARK [1][-]{section.4.1}{\376\377\000F\000u\000n\000c\000t\000i\000o\000n\000a\000l\000\040\000R\000e\000q\000u\000i\000r\000e\000m\000e\000n\000t\000s}{chapter.4}% 14
\BOOKMARK [1][-]{section.4.2}{\376\377\000N\000o\000n\000-\000F\000u\000n\000c\000t\000i\000o\000n\000a\000l\000\040\000R\000e\000q\000u\000i\000r\000e\000m\000e\000n\000t\000s}{chapter.4}% 15
\BOOKMARK [1][-]{section.4.3}{\376\377\000A\000c\000t\000o\000r\000s\000\040\000\046\000\040\000U\000s\000e\000\040\000C\000a\000s\000e\000s}{chapter.4}% 16
\BOOKMARK [1][-]{section.4.4}{\376\377\000U\000s\000e\000\040\000C\000a\000s\000e\000\040\000D\000i\000a\000g\000r\000a\000m\000s}{chapter.4}% 17
\BOOKMARK [1][-]{section.4.5}{\376\377\000U\000s\000e\000r\000\040\000S\000t\000o\000r\000i\000e\000s}{chapter.4}% 18
\BOOKMARK [0][-]{chapter.5}{\376\377\000P\000r\000o\000p\000o\000s\000e\000d\000\040\000S\000o\000l\000u\000t\000i\000o\000n}{}% 19
\BOOKMARK [1][-]{section.5.1}{\376\377\000O\000v\000e\000r\000v\000i\000e\000w\000\040\000o\000f\000\040\000t\000h\000e\000\040\000P\000r\000o\000p\000o\000s\000e\000d\000\040\000S\000o\000l\000u\000t\000i\000o\000n}{chapter.5}% 20
\BOOKMARK [1][-]{section.5.2}{\376\377\000S\000o\000l\000u\000t\000i\000o\000n\000\040\000A\000r\000c\000h\000i\000t\000e\000c\000t\000u\000r\000e\000\040\000L\000a\000y\000e\000r\000s}{chapter.5}% 21
\BOOKMARK [2][-]{subsection.5.2.1}{\376\377\000A\000u\000t\000h\000e\000n\000t\000i\000c\000a\000t\000i\000o\000n\000\040\000L\000a\000y\000e\000r}{section.5.2}% 22
\BOOKMARK [2][-]{subsection.5.2.2}{\376\377\000P\000r\000o\000x\000y\000\040\000L\000a\000y\000e\000r}{section.5.2}% 23
\BOOKMARK [2][-]{subsection.5.2.3}{\376\377\000P\000o\000l\000i\000c\000y\000\040\000E\000n\000g\000i\000n\000e\000\040\000L\000a\000y\000e\000r}{section.5.2}% 24
\BOOKMARK [2][-]{subsection.5.2.4}{\376\377\000D\000a\000t\000a\000\040\000P\000r\000o\000t\000e\000c\000t\000i\000o\000n\000\040\000L\000a\000y\000e\000r}{section.5.2}% 25
\BOOKMARK [2][-]{subsection.5.2.5}{\376\377\000O\000b\000s\000e\000r\000v\000a\000b\000i\000l\000i\000t\000y\000\040\000L\000a\000y\000e\000r}{section.5.2}% 26
\BOOKMARK [1][-]{section.5.3}{\376\377\000T\000e\000r\000m\000\040\0001\000\040\000v\000s\000\040\000T\000e\000r\000m\000\040\0002\000\040\000F\000e\000a\000t\000u\000r\000e\000s}{chapter.5}% 27
\BOOKMARK [1][-]{section.5.4}{\376\377\000F\000e\000a\000t\000u\000r\000e\000\040\000L\000i\000s\000t}{chapter.5}% 28
\BOOKMARK [0][-]{chapter.6}{\376\377\000A\000l\000i\000g\000n\000m\000e\000n\000t\000\040\000w\000i\000t\000h\000\040\000I\000n\000t\000e\000r\000n\000a\000t\000i\000o\000n\000a\000l\000\040\000S\000t\000a\000n\000d\000a\000r\000d\000s}{}% 29
\BOOKMARK [1][-]{section.6.1}{\376\377\000P\000C\000I\000\040\000D\000S\000S}{chapter.6}% 30
\BOOKMARK [1][-]{section.6.2}{\376\377\000H\000I\000P\000A\000A}{chapter.6}% 31
\BOOKMARK [1][-]{section.6.3}{\376\377\000G\000D\000P\000R}{chapter.6}% 32
\BOOKMARK [1][-]{section.6.4}{\376\377\000I\000S\000O\000\040\0002\0007\0000\0000\0001}{chapter.6}% 33
\BOOKMARK [0][-]{chapter.7}{\376\377\000C\000o\000m\000p\000e\000t\000i\000t\000o\000r\000\040\000\046\000\040\000M\000a\000r\000k\000e\000t\000\040\000A\000n\000a\000l\000y\000s\000i\000s}{}% 34
\BOOKMARK [1][-]{section.7.1}{\376\377\000C\000o\000m\000p\000e\000t\000i\000t\000o\000r\000\040\000A\000n\000a\000l\000y\000s\000i\000s}{chapter.7}% 35
\BOOKMARK [2][-]{subsection.7.1.1}{\376\377\000C\000o\000m\000p\000a\000r\000i\000s\000o\000n\000\040\000T\000a\000b\000l\000e}{section.7.1}% 36
\BOOKMARK [2][-]{subsection.7.1.2}{\376\377\000W\000h\000a\000t\000\040\000C\000o\000m\000p\000e\000t\000i\000t\000o\000r\000s\000\040\000L\000a\000c\000k}{section.7.1}% 37
\BOOKMARK [1][-]{section.7.2}{\376\377\000M\000a\000r\000k\000e\000t\000\040\000R\000e\000s\000e\000a\000r\000c\000h}{chapter.7}% 38
\BOOKMARK [2][-]{subsection.7.2.1}{\376\377\000M\000a\000r\000k\000e\000t\000\040\000O\000v\000e\000r\000v\000i\000e\000w}{section.7.2}% 39
\BOOKMARK [2][-]{subsection.7.2.2}{\376\377\000Z\000e\000r\000o\000\040\000T\000r\000u\000s\000t\000\040\000D\000e\000m\000a\000n\000d}{section.7.2}% 40
\BOOKMARK [2][-]{subsection.7.2.3}{\376\377\000M\000a\000r\000k\000e\000t\000\040\000C\000h\000a\000l\000l\000e\000n\000g\000e\000s\000\040\000\046\000\040\000N\000e\000e\000d\000s}{section.7.2}% 41
\BOOKMARK [2][-]{subsection.7.2.4}{\376\377\000R\000e\000g\000u\000l\000a\000t\000o\000r\000y\000\040\000D\000r\000i\000v\000e\000r\000s}{section.7.2}% 42
\BOOKMARK [2][-]{subsection.7.2.5}{\376\377\000T\000r\000e\000n\000d\000s\000\040\000\046\000\040\000O\000p\000p\000o\000r\000t\000u\000n\000i\000t\000i\000e\000s}{section.7.2}% 43
\BOOKMARK [2][-]{subsection.7.2.6}{\376\377\000L\000a\000n\000d\000s\000c\000a\000p\000e\000\040\000S\000u\000m\000m\000a\000r\000y}{section.7.2}% 44
\BOOKMARK [0][-]{chapter.8}{\376\377\000S\000c\000i\000e\000n\000t\000i\000f\000i\000c\000\040\000R\000e\000s\000e\000a\000r\000c\000h\000\040\000\046\000\040\000L\000i\000t\000e\000r\000a\000t\000u\000r\000e\000\040\000R\000e\000v\000i\000e\000w}{}% 45
\BOOKMARK [1][-]{section.8.1}{\376\377\000P\000a\000p\000e\000r\000\040\0001}{chapter.8}% 46
\BOOKMARK [1][-]{section.8.2}{\376\377\000P\000a\000p\000e\000r\000\040\0002}{chapter.8}% 47
\BOOKMARK [1][-]{section.8.3}{\376\377\000P\000a\000p\000e\000r\000\040\0003}{chapter.8}% 48
\BOOKMARK [1][-]{section.8.4}{\376\377\000P\000a\000p\000e\000r\000\040\0004}{chapter.8}% 49
\BOOKMARK [1][-]{section.8.5}{\376\377\000P\000a\000p\000e\000r\000\040\0005}{chapter.8}% 50
\BOOKMARK [1][-]{section.8.6}{\376\377\000P\000a\000p\000e\000r\000\040\0006}{chapter.8}% 51
\BOOKMARK [1][-]{section.8.7}{\376\377\000P\000a\000p\000e\000r\000\040\0007}{chapter.8}% 52
\BOOKMARK [0][-]{chapter.9}{\376\377\000T\000e\000c\000h\000n\000i\000c\000a\000l\000\040\000B\000a\000c\000k\000g\000r\000o\000u\000n\000d}{}% 53
\BOOKMARK [1][-]{section.9.1}{\376\377\000S\000y\000s\000t\000e\000m\000s\000\040\000P\000r\000o\000g\000r\000a\000m\000m\000i\000n\000g\000\040\000i\000n\000\040\000G\000o}{chapter.9}% 54
\BOOKMARK [2][-]{subsection.9.1.1}{\376\377\000I\000n\000t\000r\000o\000d\000u\000c\000t\000i\000o\000n\000\040\000t\000o\000\040\000G\000o\000\040\000P\000r\000o\000g\000r\000a\000m\000m\000i\000n\000g\000\040\000L\000a\000n\000g\000u\000a\000g\000e}{section.9.1}% 55
\BOOKMARK [2][-]{subsection.9.1.2}{\376\377\000G\000o\000\040\000R\000u\000n\000t\000i\000m\000e\000\040\000M\000o\000d\000e\000l}{section.9.1}% 56
\BOOKMARK [2][-]{subsection.9.1.3}{\376\377\000C\000o\000n\000c\000u\000r\000r\000e\000n\000c\000y\000\040\000P\000r\000i\000m\000i\000t\000i\000v\000e\000s}{section.9.1}% 57
\BOOKMARK [2][-]{subsection.9.1.4}{\376\377\000L\000o\000w\000-\000L\000e\000v\000e\000l\000\040\000T\000C\000P\000\040\000S\000o\000c\000k\000e\000t\000\040\000P\000r\000o\000g\000r\000a\000m\000m\000i\000n\000g}{section.9.1}% 58
\BOOKMARK [2][-]{subsection.9.1.5}{\376\377\000C\000o\000n\000t\000e\000x\000t\000\040\000P\000r\000o\000p\000a\000g\000a\000t\000i\000o\000n}{section.9.1}% 59
\BOOKMARK [1][-]{section.9.2}{\376\377\000D\000a\000t\000a\000b\000a\000s\000e\000\040\000W\000i\000r\000e\000\040\000P\000r\000o\000t\000o\000c\000o\000l\000s\000\040\000\050\000M\000y\000S\000Q\000L\000/\000M\000a\000r\000i\000a\000D\000B\000\051}{chapter.9}% 60
\BOOKMARK [2][-]{subsection.9.2.1}{\376\377\000M\000y\000S\000Q\000L\000\040\000P\000r\000o\000t\000o\000c\000o\000l\000\040\000O\000v\000e\000r\000v\000i\000e\000w}{section.9.2}% 61
\BOOKMARK [2][-]{subsection.9.2.2}{\376\377\000M\000y\000S\000Q\000L\000\040\000P\000a\000c\000k\000e\000t\000\040\000S\000t\000r\000u\000c\000t\000u\000r\000e}{section.9.2}% 62
\BOOKMARK [2][-]{subsection.9.2.3}{\376\377\000C\000o\000m\000m\000a\000n\000d\000\040\000P\000h\000a\000s\000e\000\040\000P\000r\000o\000c\000e\000s\000s\000i\000n\000g}{section.9.2}% 63
\BOOKMARK [2][-]{subsection.9.2.4}{\376\377\000R\000e\000s\000u\000l\000t\000\040\000S\000e\000t\000\040\000E\000n\000c\000o\000d\000i\000n\000g}{section.9.2}% 64
\BOOKMARK [2][-]{subsection.9.2.5}{\376\377\000S\000Q\000L\000\040\000P\000a\000r\000s\000i\000n\000g\000\040\000a\000n\000d\000\040\000A\000S\000T\000\040\000M\000a\000n\000i\000p\000u\000l\000a\000t\000i\000o\000n}{section.9.2}% 65
\BOOKMARK [1][-]{section.9.3}{\376\377\000C\000r\000y\000p\000t\000o\000g\000r\000a\000p\000h\000y\000\040\000a\000n\000d\000\040\000S\000e\000c\000u\000r\000i\000t\000y\000\040\000E\000n\000g\000i\000n\000e\000e\000r\000i\000n\000g}{chapter.9}% 66
\BOOKMARK [2][-]{subsection.9.3.1}{\376\377\000T\000L\000S\000\040\000/\000\040\000S\000S\000L\000\040\000T\000r\000a\000n\000s\000p\000o\000r\000t\000\040\000L\000a\000y\000e\000r\000\040\000S\000e\000c\000u\000r\000i\000t\000y}{section.9.3}% 67
\BOOKMARK [2][-]{subsection.9.3.2}{\376\377\000S\000y\000m\000m\000e\000t\000r\000i\000c\000\040\000E\000n\000c\000r\000y\000p\000t\000i\000o\000n\000\040\000\050\000A\000E\000S\000-\0002\0005\0006\000\051}{section.9.3}% 68
\BOOKMARK [2][-]{subsection.9.3.3}{\376\377\000S\000e\000c\000u\000r\000e\000\040\000H\000a\000s\000h\000i\000n\000g}{section.9.3}% 69
\BOOKMARK [2][-]{subsection.9.3.4}{\376\377\000J\000W\000T\000\040\000A\000u\000t\000h\000e\000n\000t\000i\000c\000a\000t\000i\000o\000n}{section.9.3}% 70
\BOOKMARK [1][-]{section.9.4}{\376\377\000S\000o\000f\000t\000w\000a\000r\000e\000\040\000A\000r\000c\000h\000i\000t\000e\000c\000t\000u\000r\000e\000\040\000a\000n\000d\000\040\000D\000e\000s\000i\000g\000n\000\040\000P\000a\000t\000t\000e\000r\000n\000s}{chapter.9}% 71
\BOOKMARK [2][-]{subsection.9.4.1}{\376\377\000P\000r\000o\000x\000y\000\040\000P\000a\000t\000t\000e\000r\000n}{section.9.4}% 72
\BOOKMARK [2][-]{subsection.9.4.2}{\376\377\000I\000n\000t\000e\000r\000c\000e\000p\000t\000o\000r\000\040\000C\000h\000a\000i\000n\000\040\000P\000a\000t\000t\000e\000r\000n}{section.9.4}% 73
\BOOKMARK [1][-]{section.9.5}{\376\377\000E\000m\000b\000e\000d\000d\000e\000d\000\040\000S\000t\000o\000r\000a\000g\000e\000\040\000\050\000S\000Q\000L\000i\000t\000e\000\051}{chapter.9}% 74
\BOOKMARK [2][-]{subsection.9.5.1}{\376\377\000S\000Q\000L\000i\000t\000e\000\040\000O\000v\000e\000r\000v\000i\000e\000w}{section.9.5}% 75
\BOOKMARK [2][-]{subsection.9.5.2}{\376\377\000S\000c\000h\000e\000m\000a\000\040\000D\000e\000s\000i\000g\000n}{section.9.5}% 76
\BOOKMARK [2][-]{subsection.9.5.3}{\376\377\000A\000u\000d\000i\000t\000\040\000L\000o\000g\000g\000i\000n\000g}{section.9.5}% 77
\BOOKMARK [1][-]{section.9.6}{\376\377\000R\000E\000S\000T\000\040\000A\000P\000I\000\040\000D\000e\000s\000i\000g\000n}{chapter.9}% 78
\BOOKMARK [2][-]{subsection.9.6.1}{\376\377\000R\000E\000S\000T\000\040\000A\000r\000c\000h\000i\000t\000e\000c\000t\000u\000r\000a\000l\000\040\000S\000t\000y\000l\000e}{section.9.6}% 79
\BOOKMARK [2][-]{subsection.9.6.2}{\376\377\000A\000P\000I\000\040\000C\000h\000a\000r\000a\000c\000t\000e\000r\000i\000s\000t\000i\000c\000s}{section.9.6}% 80
\BOOKMARK [2][-]{subsection.9.6.3}{\376\377\000A\000d\000m\000i\000n\000i\000s\000t\000r\000a\000t\000i\000v\000e\000\040\000C\000a\000p\000a\000b\000i\000l\000i\000t\000i\000e\000s}{section.9.6}% 81
\BOOKMARK [0][-]{chapter.10}{\376\377\000S\000y\000s\000t\000e\000m\000\040\000A\000r\000c\000h\000i\000t\000e\000c\000t\000u\000r\000e}{}% 82
\BOOKMARK [1][-]{section.10.1}{\376\377\000H\000i\000g\000h\000-\000L\000e\000v\000e\000l\000\040\000A\000r\000c\000h\000i\000t\000e\000c\000t\000u\000r\000e\000\040\000D\000i\000a\000g\000r\000a\000m}{chapter.10}% 83
\BOOKMARK [1][-]{section.10.2}{\376\377\000M\000a\000i\000n\000\040\000S\000y\000s\000t\000e\000m\000\040\000C\000o\000m\000p\000o\000n\000e\000n\000t\000s}{chapter.10}% 84
\BOOKMARK [1][-]{section.10.3}{\376\377\000C\000o\000m\000p\000o\000n\000e\000n\000t\000\040\000C\000o\000m\000m\000u\000n\000i\000c\000a\000t\000i\000o\000n\000\040\000F\000l\000o\000w}{chapter.10}% 85
\BOOKMARK [1][-]{section.10.4}{\376\377\000T\000e\000c\000h\000\040\000S\000t\000a\000c\000k\000\040\000S\000u\000m\000m\000a\000r\000y}{chapter.10}% 86
\BOOKMARK [0][-]{chapter.11}{\376\377\000D\000e\000t\000a\000i\000l\000e\000d\000\040\000A\000r\000c\000h\000i\000t\000e\000c\000t\000u\000r\000e\000\040\000o\000f\000\040\000t\000h\000e\000\040\000P\000r\000o\000x\000y}{}% 87
\BOOKMARK [1][-]{section.11.1}{\376\377\000C\000o\000n\000n\000e\000c\000t\000i\000o\000n\000\040\000L\000i\000f\000e\000c\000y\000c\000l\000e}{chapter.11}% 88
\BOOKMARK [1][-]{section.11.2}{\376\377\000A\000u\000t\000h\000e\000n\000t\000i\000c\000a\000t\000i\000o\000n\000\040\000F\000l\000o\000w}{chapter.11}% 89
\BOOKMARK [1][-]{section.11.3}{\376\377\000Q\000u\000e\000r\000y\000\040\000F\000i\000l\000t\000e\000r\000i\000n\000g\000\040\000F\000l\000o\000w}{chapter.11}% 90
\BOOKMARK [1][-]{section.11.4}{\376\377\000P\000o\000l\000i\000c\000y\000\040\000E\000n\000f\000o\000r\000c\000e\000m\000e\000n\000t\000\040\000F\000l\000o\000w}{chapter.11}% 91
\BOOKMARK [1][-]{section.11.5}{\376\377\000S\000e\000s\000s\000i\000o\000n\000\040\000M\000o\000n\000i\000t\000o\000r\000i\000n\000g\000\040\000F\000l\000o\000w}{chapter.11}% 92
\BOOKMARK [1][-]{section.11.6}{\376\377\000U\000s\000e\000r\000\040\041\222\000\040\000G\000a\000t\000e\000w\000a\000y\000\040\041\222\000\040\000D\000a\000t\000a\000b\000a\000s\000e\000\040\000D\000i\000a\000g\000r\000a\000m}{chapter.11}% 93
\BOOKMARK [0][-]{chapter.12}{\376\377\000H\000i\000g\000h\000-\000L\000e\000v\000e\000l\000\040\000D\000a\000t\000a\000\040\000F\000l\000o\000w\000\040\000D\000i\000a\000g\000r\000a\000m\000s}{}% 94
\BOOKMARK [1][-]{section.12.1}{\376\377\000A\000u\000t\000h\000e\000n\000t\000i\000c\000a\000t\000i\000o\000n\000\040\000F\000l\000o\000w\000\040\000D\000i\000a\000g\000r\000a\000m}{chapter.12}% 95
\BOOKMARK [1][-]{section.12.2}{\376\377\000Q\000u\000e\000r\000y\000\040\000F\000i\000l\000t\000e\000r\000i\000n\000g\000\040\000D\000i\000a\000g\000r\000a\000m}{chapter.12}% 96
\BOOKMARK [1][-]{section.12.3}{\376\377\000L\000o\000g\000g\000i\000n\000g\000\040\000\046\000\040\000A\000u\000d\000i\000t\000i\000n\000g\000\040\000F\000l\000o\000w\000\040\000D\000i\000a\000g\000r\000a\000m}{chapter.12}% 97
\BOOKMARK [0][-]{chapter.13}{\376\377\000T\000e\000c\000h\000n\000o\000l\000o\000g\000y\000\040\000J\000u\000s\000t\000i\000f\000i\000c\000a\000t\000i\000o\000n}{}% 98
\BOOKMARK [1][-]{section.13.1}{\376\377\000W\000h\000y\000\040\000G\000o}{chapter.13}% 99
\BOOKMARK [1][-]{section.13.2}{\376\377\000W\000h\000y\000\040\000N\000o\000d\000e\000.\000j\000s\000\040\000/\000\040\000T\000S\000\040\000/\000\040\000R\000e\000a\000c\000t}{chapter.13}% 100
\BOOKMARK [1][-]{section.13.3}{\376\377\000W\000h\000y\000\040\000m\000T\000L\000S\000\040\000\050\000a\000n\000d\000\040\000w\000h\000y\000\040\000T\000C\000P\000\040\000i\000s\000\040\000t\000e\000m\000p\000o\000r\000a\000r\000y\000\051}{chapter.13}% 101
\BOOKMARK [1][-]{section.13.4}{\376\377\000W\000h\000y\000\040\000S\000Q\000L\000i\000t\000e\000\040\000/\000\040\000I\000n\000t\000e\000r\000n\000a\000l\000\040\000S\000t\000o\000r\000a\000g\000e}{chapter.13}% 102
\BOOKMARK [1][-]{section.13.5}{\376\377\000D\000e\000s\000i\000g\000n\000\040\000D\000e\000c\000i\000s\000i\000o\000n\000\040\000S\000u\000m\000m\000a\000r\000y}{chapter.13}% 103
\BOOKMARK [0][-]{chapter.14}{\376\377\000P\000r\000o\000t\000o\000t\000y\000p\000e\000\040\040\023\000\040\000S\000e\000m\000e\000s\000t\000e\000r\000\040\0001}{}% 104
\BOOKMARK [1][-]{section.14.1}{\376\377\000I\000m\000p\000l\000e\000m\000e\000n\000t\000e\000d\000\040\000F\000e\000a\000t\000u\000r\000e\000s}{chapter.14}% 105
\BOOKMARK [1][-]{section.14.2}{\376\377\000S\000c\000r\000e\000e\000n\000s\000h\000o\000t\000s\000\040\000\050\000C\000L\000I\000\040\000\046\000\040\000D\000a\000s\000h\000b\000o\000a\000r\000d\000\051}{chapter.14}% 106
\BOOKMARK [1][-]{section.14.3}{\376\377\000W\000h\000a\000t\000\040\000W\000o\000r\000k\000s\000\040\000v\000s\000\040\000W\000h\000a\000t\000\040\000D\000o\000e\000s\000n\040\031\000t}{chapter.14}% 107
\BOOKMARK [1][-]{section.14.4}{\376\377\000T\000e\000c\000h\000n\000i\000c\000a\000l\000\040\000D\000e\000c\000i\000s\000i\000o\000n\000s\000\040\000M\000a\000d\000e}{chapter.14}% 108
\BOOKMARK [1][-]{section.14.5}{\376\377\000I\000m\000p\000l\000e\000m\000e\000n\000t\000a\000t\000i\000o\000n\000\040\000C\000h\000a\000l\000l\000e\000n\000g\000e\000s}{chapter.14}% 109
\BOOKMARK [0][-]{chapter.15}{\376\377\000D\000e\000v\000e\000l\000o\000p\000m\000e\000n\000t\000\040\000M\000e\000t\000h\000o\000d\000o\000l\000o\000g\000y}{}% 110
\BOOKMARK [1][-]{section.15.1}{\376\377\000A\000g\000i\000l\000e\000\040\000M\000e\000t\000h\000o\000d}{chapter.15}% 111
\BOOKMARK [1][-]{section.15.2}{\376\377\000M\000e\000e\000t\000i\000n\000g\000\040\000S\000t\000r\000u\000c\000t\000u\000r\000e}{chapter.15}% 112
\BOOKMARK [1][-]{section.15.3}{\376\377\000C\000o\000l\000l\000a\000b\000o\000r\000a\000t\000i\000o\000n\000\040\000T\000o\000o\000l\000s}{chapter.15}% 113
\BOOKMARK [1][-]{section.15.4}{\376\377\000D\000o\000c\000u\000m\000e\000n\000t\000a\000t\000i\000o\000n\000\040\000\046\000\040\000O\000b\000s\000e\000r\000v\000a\000b\000i\000l\000i\000t\000y}{chapter.15}% 114
\BOOKMARK [0][-]{chapter.16}{\376\377\000T\000a\000s\000k\000\040\000T\000r\000a\000c\000k\000i\000n\000g}{}% 115
\BOOKMARK [1][-]{section.16.1}{\376\377\000T\000e\000a\000m\000\040\000T\000a\000s\000k\000\040\000T\000r\000a\000c\000k\000i\000n\000g\000\040\000\050\000A\000c\000t\000u\000a\000l\000\040\000E\000x\000a\000m\000p\000l\000e\000s\000\051}{chapter.16}% 116
\BOOKMARK [1][-]{section.16.2}{\376\377\000S\000u\000p\000e\000r\000v\000i\000s\000o\000r\000\040\000T\000r\000a\000c\000k\000i\000n\000g\000\040\000L\000o\000g\000s}{chapter.16}% 117
\BOOKMARK [1][-]{section.16.3}{\376\377\000B\000l\000o\000c\000k\000e\000r\000s\000,\000\040\000R\000i\000s\000k\000s\000\040\000\046\000\040\000R\000e\000s\000o\000l\000u\000t\000i\000o\000n\000\040\000N\000o\000t\000e\000s}{chapter.16}% 118
\BOOKMARK [0][-]{chapter.17}{\376\377\000M\000i\000l\000e\000s\000t\000o\000n\000e\000s}{}% 119
\BOOKMARK [1][-]{section.17.1}{\376\377\000T\000e\000r\000m\000\040\0001\000\040\000M\000i\000l\000e\000s\000t\000o\000n\000e\000\040\000R\000o\000a\000d\000m\000a\000p}{chapter.17}% 120
\BOOKMARK [2][-]{subsection.17.1.1}{\376\377\000M\000i\000l\000e\000s\000t\000o\000n\000e\000\040\0001}{section.17.1}% 121
\BOOKMARK [2][-]{subsection.17.1.2}{\376\377\000M\000i\000l\000e\000s\000t\000o\000n\000e\000\040\0002}{section.17.1}% 122
\BOOKMARK [2][-]{subsection.17.1.3}{\376\377\000M\000i\000l\000e\000s\000t\000o\000n\000e\000\040\0003}{section.17.1}% 123
\BOOKMARK [2][-]{subsection.17.1.4}{\376\377\000M\000i\000l\000e\000s\000t\000o\000n\000e\000\040\0004}{section.17.1}% 124
\BOOKMARK [2][-]{subsection.17.1.5}{\376\377\000M\000i\000l\000e\000s\000t\000o\000n\000e\000\040\0005}{section.17.1}% 125
\BOOKMARK [1][-]{section.17.2}{\376\377\000T\000i\000m\000e\000l\000i\000n\000e\000\040\000C\000h\000a\000r\000t\000\040\000\050\000G\000a\000n\000t\000t\000-\000l\000i\000k\000e\000\051}{chapter.17}% 126
\BOOKMARK [0][-]{chapter.18}{\376\377\000T\000h\000r\000e\000a\000t\000\040\000M\000o\000d\000e\000l\000\040\000\046\000\040\000S\000e\000c\000u\000r\000i\000t\000y\000\040\000C\000o\000n\000s\000i\000d\000e\000r\000a\000t\000i\000o\000n\000s}{}% 127
\BOOKMARK [1][-]{section.18.1}{\376\377\000T\000h\000r\000e\000a\000t\000\040\000M\000o\000d\000e\000l}{chapter.18}% 128
\BOOKMARK [1][-]{section.18.2}{\376\377\000R\000i\000s\000k\000s\000\040\000\046\000\040\000A\000t\000t\000a\000c\000k\000\040\000V\000e\000c\000t\000o\000r\000s}{chapter.18}% 129
\BOOKMARK [1][-]{section.18.3}{\376\377\000M\000i\000t\000i\000g\000a\000t\000i\000o\000n\000\040\000T\000e\000c\000h\000n\000i\000q\000u\000e\000s}{chapter.18}% 130
\BOOKMARK [1][-]{section.18.4}{\376\377\000W\000h\000y\000\040\000Z\000e\000r\000o\000\040\000T\000r\000u\000s\000t\000\040\000i\000s\000\040\000N\000e\000e\000d\000e\000d}{chapter.18}% 131
\BOOKMARK [0][-]{chapter.19}{\376\377\000R\000o\000a\000d\000m\000a\000p\000\040\000f\000o\000r\000\040\000T\000e\000r\000m\000\040\0002}{}% 132
\BOOKMARK [1][-]{section.19.1}{\376\377\000R\000e\000m\000a\000i\000n\000i\000n\000g\000\040\000F\000e\000a\000t\000u\000r\000e\000s}{chapter.19}% 133
\BOOKMARK [1][-]{section.19.2}{\376\377\000A\000r\000c\000h\000i\000t\000e\000c\000t\000u\000r\000e\000\040\000I\000m\000p\000r\000o\000v\000e\000m\000e\000n\000t\000s}{chapter.19}% 134
\BOOKMARK [1][-]{section.19.3}{\376\377\000P\000e\000r\000f\000o\000r\000m\000a\000n\000c\000e\000\040\000G\000o\000a\000l\000s}{chapter.19}% 135
\BOOKMARK [1][-]{section.19.4}{\376\377\000T\000e\000s\000t\000i\000n\000g\000\040\000\046\000\040\000V\000a\000l\000i\000d\000a\000t\000i\000o\000n\000\040\000P\000l\000a\000n}{chapter.19}% 136
\BOOKMARK [0][-]{chapter.20}{\376\377\000T\000e\000a\000m\000\040\000C\000o\000n\000t\000r\000i\000b\000u\000t\000i\000o\000n}{}% 137
\BOOKMARK [1][-]{section.20.1}{\376\377\000O\000v\000e\000r\000v\000i\000e\000w\000\040\000o\000f\000\040\000C\000o\000n\000t\000r\000i\000b\000u\000t\000i\000o\000n\000\040\000A\000p\000p\000r\000o\000a\000c\000h}{chapter.20}% 138
\BOOKMARK [1][-]{section.20.2}{\376\377\000I\000n\000d\000i\000v\000i\000d\000u\000a\000l\000\040\000C\000o\000n\000t\000r\000i\000b\000u\000t\000i\000o\000n\000s}{chapter.20}% 139
\BOOKMARK [0][-]{chapter.21}{\376\377\000E\000x\000p\000e\000c\000t\000e\000d\000\040\000O\000u\000t\000c\000o\000m\000e\000s}{}% 140
\BOOKMARK [0][-]{chapter.22}{\376\377\000C\000o\000n\000c\000l\000u\000s\000i\000o\000n}{}% 141
\BOOKMARK [1][-]{section.22.1}{\376\377\000R\000e\000s\000t\000a\000t\000e\000d\000\040\000P\000u\000r\000p\000o\000s\000e}{chapter.22}% 142
\BOOKMARK [1][-]{section.22.2}{\376\377\000S\000u\000m\000m\000a\000r\000y\000\040\000o\000f\000\040\000A\000c\000h\000i\000e\000v\000e\000m\000e\000n\000t\000s}{chapter.22}% 143
\BOOKMARK [1][-]{section.22.3}{\376\377\000I\000m\000p\000o\000r\000t\000a\000n\000c\000e\000\040\000\046\000\040\000C\000o\000n\000t\000r\000i\000b\000u\000t\000i\000o\000n}{chapter.22}% 144
\BOOKMARK [1][-]{section.22.4}{\376\377\000T\000r\000a\000n\000s\000i\000t\000i\000o\000n\000\040\000t\000o\000\040\000N\000e\000x\000t\000\040\000S\000e\000m\000e\000s\000t\000e\000r}{chapter.22}% 145
\BOOKMARK [0][-]{appendix.A}{\376\377\000G\000l\000o\000s\000s\000a\000r\000y}{}% 146
\BOOKMARK [0][-]{appendix.B}{\376\377\000D\000a\000s\000h\000b\000o\000a\000r\000d\000\040\000M\000o\000c\000k\000u\000p\000s}{}% 147
