This is pdfTeX, Version 3.141592653-2.6-1.40.26 (TeX Live 2025/dev/Debian) (preloaded format=pdflatex 2025.12.10)  16 DEC 2025 08:23
entering extended mode
 restricted \write18 enabled.
 file:line:error style messages enabled.
 %&-line parsing enabled.
**/home/rod/Documents/sem1_GP/Graduation-Project-Documentation/document_main.tex
(/home/rod/Documents/sem1_GP/Graduation-Project-Documentation/document_main.tex
LaTeX2e <2024-11-01> patch level 2
L3 programming layer <2025-01-18>
(/usr/share/texlive/texmf-dist/tex/latex/base/report.cls
Document Class: report 2024/06/29 v1.4n Standard LaTeX document class
(/usr/share/texlive/texmf-dist/tex/latex/base/size12.clo
File: size12.clo 2024/06/29 v1.4n Standard LaTeX file (size option)
)
\c@part=\count196
\c@chapter=\count197
\c@section=\count198
\c@subsection=\count199
\c@subsubsection=\count266
\c@paragraph=\count267
\c@subparagraph=\count268
\c@figure=\count269
\c@table=\count270
\abovecaptionskip=\skip49
\belowcaptionskip=\skip50
\bibindent=\dimen141
) (/usr/share/texlive/texmf-dist/tex/latex/graphics/graphicx.sty
Package: graphicx 2021/09/16 v1.2d Enhanced LaTeX Graphics (DPC,SPQR)
 (/usr/share/texlive/texmf-dist/tex/latex/graphics/keyval.sty
Package: keyval 2022/05/29 v1.15 key=value parser (DPC)
\KV@toks@=\toks17
) (/usr/share/texlive/texmf-dist/tex/latex/graphics/graphics.sty
Package: graphics 2024/08/06 v1.4g Standard LaTeX Graphics (DPC,SPQR)
 (/usr/share/texlive/texmf-dist/tex/latex/graphics/trig.sty
Package: trig 2023/12/02 v1.11 sin cos tan (DPC)
) (/usr/share/texlive/texmf-dist/tex/latex/graphics-cfg/graphics.cfg
File: graphics.cfg 2016/06/04 v1.11 sample graphics configuration
)
Package graphics Info: Driver file: pdftex.def on input line 106.
 (/usr/share/texlive/texmf-dist/tex/latex/graphics-def/pdftex.def
File: pdftex.def 2024/04/13 v1.2c Graphics/color driver for pdftex
))
\Gin@req@height=\dimen142
\Gin@req@width=\dimen143
) (/usr/share/texlive/texmf-dist/tex/latex/titlesec/titlesec.sty
Package: titlesec 2025/01/04 v2.17 Sectioning titles
\ttl@box=\box52
\beforetitleunit=\skip51
\aftertitleunit=\skip52
\ttl@plus=\dimen144
\ttl@minus=\dimen145
\ttl@toksa=\toks18
\titlewidth=\dimen146
\titlewidthlast=\dimen147
\titlewidthfirst=\dimen148
) (/usr/share/texlive/texmf-dist/tex/latex/hyperref/hyperref.sty
Package: hyperref 2024-11-05 v7.01l Hypertext links for LaTeX
 (/usr/share/texlive/texmf-dist/tex/generic/iftex/iftex.sty
Package: iftex 2024/12/12 v1.0g TeX engine tests
) (/usr/share/texlive/texmf-dist/tex/latex/kvsetkeys/kvsetkeys.sty
Package: kvsetkeys 2022-10-05 v1.19 Key value parser (HO)
) (/usr/share/texlive/texmf-dist/tex/generic/kvdefinekeys/kvdefinekeys.sty
Package: kvdefinekeys 2019-12-19 v1.6 Define keys (HO)
) (/usr/share/texlive/texmf-dist/tex/generic/pdfescape/pdfescape.sty
Package: pdfescape 2019/12/09 v1.15 Implements pdfTeX's escape features (HO)
 (/usr/share/texlive/texmf-dist/tex/generic/ltxcmds/ltxcmds.sty
Package: ltxcmds 2023-12-04 v1.26 LaTeX kernel commands for general use (HO)
) (/usr/share/texlive/texmf-dist/tex/generic/pdftexcmds/pdftexcmds.sty
Package: pdftexcmds 2020-06-27 v0.33 Utility functions of pdfTeX for LuaTeX (HO)
 (/usr/share/texlive/texmf-dist/tex/generic/infwarerr/infwarerr.sty
Package: infwarerr 2019/12/03 v1.5 Providing info/warning/error messages (HO)
)
Package pdftexcmds Info: \pdf@primitive is available.
Package pdftexcmds Info: \pdf@ifprimitive is available.
Package pdftexcmds Info: \pdfdraftmode found.
)) (/usr/share/texlive/texmf-dist/tex/latex/hycolor/hycolor.sty
Package: hycolor 2020-01-27 v1.10 Color options for hyperref/bookmark (HO)
) (/usr/share/texlive/texmf-dist/tex/latex/hyperref/nameref.sty
Package: nameref 2023-11-26 v2.56 Cross-referencing by name of section
 (/usr/share/texlive/texmf-dist/tex/latex/refcount/refcount.sty
Package: refcount 2019/12/15 v3.6 Data extraction from label references (HO)
) (/usr/share/texlive/texmf-dist/tex/generic/gettitlestring/gettitlestring.sty
Package: gettitlestring 2019/12/15 v1.6 Cleanup title references (HO)
 (/usr/share/texlive/texmf-dist/tex/latex/kvoptions/kvoptions.sty
Package: kvoptions 2022-06-15 v3.15 Key value format for package options (HO)
))
\c@section@level=\count271
) (/usr/share/texlive/texmf-dist/tex/latex/etoolbox/etoolbox.sty
Package: etoolbox 2025/02/11 v2.5l e-TeX tools for LaTeX (JAW)
\etb@tempcnta=\count272
) (/usr/share/texlive/texmf-dist/tex/generic/stringenc/stringenc.sty
Package: stringenc 2019/11/29 v1.12 Convert strings between diff. encodings (HO)
)
\@linkdim=\dimen149
\Hy@linkcounter=\count273
\Hy@pagecounter=\count274
 (/usr/share/texlive/texmf-dist/tex/latex/hyperref/pd1enc.def
File: pd1enc.def 2024-11-05 v7.01l Hyperref: PDFDocEncoding definition (HO)
Now handling font encoding PD1 ...
... no UTF-8 mapping file for font encoding PD1
) (/usr/share/texlive/texmf-dist/tex/generic/intcalc/intcalc.sty
Package: intcalc 2019/12/15 v1.3 Expandable calculations with integers (HO)
)
\Hy@SavedSpaceFactor=\count275
 (/usr/share/texlive/texmf-dist/tex/latex/hyperref/puenc.def
File: puenc.def 2024-11-05 v7.01l Hyperref: PDF Unicode definition (HO)
Now handling font encoding PU ...
... no UTF-8 mapping file for font encoding PU
)
Package hyperref Info: Hyper figures OFF on input line 4157.
Package hyperref Info: Link nesting OFF on input line 4162.
Package hyperref Info: Hyper index ON on input line 4165.
Package hyperref Info: Plain pages OFF on input line 4172.
Package hyperref Info: Backreferencing OFF on input line 4177.
Package hyperref Info: Implicit mode ON; LaTeX internals redefined.
Package hyperref Info: Bookmarks ON on input line 4424.
\c@Hy@tempcnt=\count276
 (/usr/share/texlive/texmf-dist/tex/latex/url/url.sty
\Urlmuskip=\muskip17
Package: url 2013/09/16  ver 3.4  Verb mode for urls, etc.
)
LaTeX Info: Redefining \url on input line 4763.
\XeTeXLinkMargin=\dimen150
 (/usr/share/texlive/texmf-dist/tex/generic/bitset/bitset.sty
Package: bitset 2019/12/09 v1.3 Handle bit-vector datatype (HO)
 (/usr/share/texlive/texmf-dist/tex/generic/bigintcalc/bigintcalc.sty
Package: bigintcalc 2019/12/15 v1.5 Expandable calculations on big integers (HO)
))
\Fld@menulength=\count277
\Field@Width=\dimen151
\Fld@charsize=\dimen152
Package hyperref Info: Hyper figures OFF on input line 6042.
Package hyperref Info: Link nesting OFF on input line 6047.
Package hyperref Info: Hyper index ON on input line 6050.
Package hyperref Info: backreferencing OFF on input line 6057.
Package hyperref Info: Link coloring OFF on input line 6062.
Package hyperref Info: Link coloring with OCG OFF on input line 6067.
Package hyperref Info: PDF/A mode OFF on input line 6072.
 (/usr/share/texlive/texmf-dist/tex/latex/base/atbegshi-ltx.sty
Package: atbegshi-ltx 2021/01/10 v1.0c Emulation of the original atbegshi
package with kernel methods
)
\Hy@abspage=\count278
\c@Item=\count279
\c@Hfootnote=\count280
)
Package hyperref Info: Driver (autodetected): hpdftex.
 (/usr/share/texlive/texmf-dist/tex/latex/hyperref/hpdftex.def
File: hpdftex.def 2024-11-05 v7.01l Hyperref driver for pdfTeX
 (/usr/share/texlive/texmf-dist/tex/latex/base/atveryend-ltx.sty
Package: atveryend-ltx 2020/08/19 v1.0a Emulation of the original atveryend package
with kernel methods
)
\Fld@listcount=\count281
\c@bookmark@seq@number=\count282
 (/usr/share/texlive/texmf-dist/tex/latex/rerunfilecheck/rerunfilecheck.sty
Package: rerunfilecheck 2022-07-10 v1.10 Rerun checks for auxiliary files (HO)
 (/usr/share/texlive/texmf-dist/tex/generic/uniquecounter/uniquecounter.sty
Package: uniquecounter 2019/12/15 v1.4 Provide unlimited unique counter (HO)
)
Package uniquecounter Info: New unique counter `rerunfilecheck' on input line 285.
)
\Hy@SectionHShift=\skip53
) (/usr/share/texlive/texmf-dist/tex/latex/amsmath/amsmath.sty
Package: amsmath 2024/11/05 v2.17t AMS math features
\@mathmargin=\skip54

For additional information on amsmath, use the `?' option.
(/usr/share/texlive/texmf-dist/tex/latex/amsmath/amstext.sty
Package: amstext 2021/08/26 v2.01 AMS text
 (/usr/share/texlive/texmf-dist/tex/latex/amsmath/amsgen.sty
File: amsgen.sty 1999/11/30 v2.0 generic functions
\@emptytoks=\toks19
\ex@=\dimen153
)) (/usr/share/texlive/texmf-dist/tex/latex/amsmath/amsbsy.sty
Package: amsbsy 1999/11/29 v1.2d Bold Symbols
\pmbraise@=\dimen154
) (/usr/share/texlive/texmf-dist/tex/latex/amsmath/amsopn.sty
Package: amsopn 2022/04/08 v2.04 operator names
)
\inf@bad=\count283
LaTeX Info: Redefining \frac on input line 233.
\uproot@=\count284
\leftroot@=\count285
LaTeX Info: Redefining \overline on input line 398.
LaTeX Info: Redefining \colon on input line 409.
\classnum@=\count286
\DOTSCASE@=\count287
LaTeX Info: Redefining \ldots on input line 495.
LaTeX Info: Redefining \dots on input line 498.
LaTeX Info: Redefining \cdots on input line 619.
\Mathstrutbox@=\box53
\strutbox@=\box54
LaTeX Info: Redefining \big on input line 721.
LaTeX Info: Redefining \Big on input line 722.
LaTeX Info: Redefining \bigg on input line 723.
LaTeX Info: Redefining \Bigg on input line 724.
\big@size=\dimen155
LaTeX Font Info:    Redeclaring font encoding OML on input line 742.
LaTeX Font Info:    Redeclaring font encoding OMS on input line 743.
\macc@depth=\count288
LaTeX Info: Redefining \bmod on input line 904.
LaTeX Info: Redefining \pmod on input line 909.
LaTeX Info: Redefining \smash on input line 939.
LaTeX Info: Redefining \relbar on input line 969.
LaTeX Info: Redefining \Relbar on input line 970.
\c@MaxMatrixCols=\count289
\dotsspace@=\muskip18
\c@parentequation=\count290
\dspbrk@lvl=\count291
\tag@help=\toks20
\row@=\count292
\column@=\count293
\maxfields@=\count294
\andhelp@=\toks21
\eqnshift@=\dimen156
\alignsep@=\dimen157
\tagshift@=\dimen158
\tagwidth@=\dimen159
\totwidth@=\dimen160
\lineht@=\dimen161
\@envbody=\toks22
\multlinegap=\skip55
\multlinetaggap=\skip56
\mathdisplay@stack=\toks23
LaTeX Info: Redefining \[ on input line 2953.
LaTeX Info: Redefining \] on input line 2954.
) (/usr/share/texlive/texmf-dist/tex/latex/multirow/multirow.sty
Package: multirow 2024/11/12 v2.9 Span multiple rows of a table
\multirow@colwidth=\skip57
\multirow@cntb=\count295
\multirow@dima=\skip58
\bigstrutjot=\dimen162
) (/usr/share/texlive/texmf-dist/tex/latex/tocloft/tocloft.sty
Package: tocloft 2017/08/31 v2.3i parameterised ToC, etc., typesetting
Package tocloft Info: The document has chapter divisions on input line 51.
\cftparskip=\skip59
\cftbeforetoctitleskip=\skip60
\cftaftertoctitleskip=\skip61
\cftbeforepartskip=\skip62
\cftpartnumwidth=\skip63
\cftpartindent=\skip64
\cftbeforechapskip=\skip65
\cftchapindent=\skip66
\cftchapnumwidth=\skip67
\cftbeforesecskip=\skip68
\cftsecindent=\skip69
\cftsecnumwidth=\skip70
\cftbeforesubsecskip=\skip71
\cftsubsecindent=\skip72
\cftsubsecnumwidth=\skip73
\cftbeforesubsubsecskip=\skip74
\cftsubsubsecindent=\skip75
\cftsubsubsecnumwidth=\skip76
\cftbeforeparaskip=\skip77
\cftparaindent=\skip78
\cftparanumwidth=\skip79
\cftbeforesubparaskip=\skip80
\cftsubparaindent=\skip81
\cftsubparanumwidth=\skip82
\cftbeforeloftitleskip=\skip83
\cftafterloftitleskip=\skip84
\cftbeforefigskip=\skip85
\cftfigindent=\skip86
\cftfignumwidth=\skip87
\c@lofdepth=\count296
\c@lotdepth=\count297
\cftbeforelottitleskip=\skip88
\cftafterlottitleskip=\skip89
\cftbeforetabskip=\skip90
\cfttabindent=\skip91
\cfttabnumwidth=\skip92
) (/usr/share/texlive/texmf-dist/tex/latex/geometry/geometry.sty
Package: geometry 2020/01/02 v5.9 Page Geometry
 (/usr/share/texlive/texmf-dist/tex/generic/iftex/ifvtex.sty
Package: ifvtex 2019/10/25 v1.7 ifvtex legacy package. Use iftex instead.
)
\Gm@cnth=\count298
\Gm@cntv=\count299
\c@Gm@tempcnt=\count300
\Gm@bindingoffset=\dimen163
\Gm@wd@mp=\dimen164
\Gm@odd@mp=\dimen165
\Gm@even@mp=\dimen166
\Gm@layoutwidth=\dimen167
\Gm@layoutheight=\dimen168
\Gm@layouthoffset=\dimen169
\Gm@layoutvoffset=\dimen170
\Gm@dimlist=\toks24
) (/usr/share/texlive/texmf-dist/tex/latex/setspace/setspace.sty
Package: setspace 2022/12/04 v6.7b set line spacing
) (/usr/share/texlive/texmf-dist/tex/latex/tools/longtable.sty
Package: longtable 2024-10-27 v4.22 Multi-page Table package (DPC)
\LTleft=\skip93
\LTright=\skip94
\LTpre=\skip95
\LTpost=\skip96
\LTchunksize=\count301
\LTcapwidth=\dimen171
\LT@head=\box55
\LT@firsthead=\box56
\LT@foot=\box57
\LT@lastfoot=\box58
\LT@gbox=\box59
\LT@cols=\count302
\LT@rows=\count303
\c@LT@tables=\count304
\c@LT@chunks=\count305
\LT@p@ftn=\toks25
) (/usr/share/texlive/texmf-dist/tex/latex/tools/array.sty
Package: array 2024/10/17 v2.6g Tabular extension package (FMi)
\col@sep=\dimen172
\ar@mcellbox=\box60
\extrarowheight=\dimen173
\NC@list=\toks26
\extratabsurround=\skip97
\backup@length=\skip98
\ar@cellbox=\box61
) (/usr/share/texlive/texmf-dist/tex/latex/float/float.sty
Package: float 2001/11/08 v1.3d Float enhancements (AL)
\c@float@type=\count306
\float@exts=\toks27
\float@box=\box62
\@float@everytoks=\toks28
\@floatcapt=\box63
) (/usr/share/texlive/texmf-dist/tex/latex/graphics/lscape.sty
Package: lscape 2020/05/28 v3.02 Landscape Pages (DPC)
) (/usr/share/texlive/texmf-dist/tex/latex/caption/caption.sty
Package: caption 2023/08/05 v3.6o Customizing captions (AR)
 (/usr/share/texlive/texmf-dist/tex/latex/caption/caption3.sty
Package: caption3 2023/07/31 v2.4d caption3 kernel (AR)
\caption@tempdima=\dimen174
\captionmargin=\dimen175
\caption@leftmargin=\dimen176
\caption@rightmargin=\dimen177
\caption@width=\dimen178
\caption@indent=\dimen179
\caption@parindent=\dimen180
\caption@hangindent=\dimen181
Package caption Info: Standard document class detected.
)
\c@caption@flags=\count307
\c@continuedfloat=\count308
Package caption Info: float package is loaded.
Package caption Info: hyperref package is loaded.
Package caption Info: longtable package is loaded.
 (/usr/share/texlive/texmf-dist/tex/latex/caption/ltcaption.sty
Package: ltcaption 2021/01/08 v1.4c longtable captions (AR)
)) (/usr/share/texlive/texmf-dist/tex/latex/caption/subcaption.sty
Package: subcaption 2023/07/28 v1.6b Sub-captions (AR)
Package caption Info: New subtype `subfigure' on input line 238.
\c@subfigure=\count309
Package caption Info: New subtype `subtable' on input line 238.
\c@subtable=\count310
) (/usr/share/texlive/texmf-dist/tex/latex/enumitem/enumitem.sty
Package: enumitem 2025/02/06 v3.11 Customized lists
\labelindent=\skip99
\enit@outerparindent=\dimen182
\enit@toks=\toks29
\enit@inbox=\box64
\enit@count@id=\count311
\enitdp@description=\count312
) (/usr/share/texlive/texmf-dist/tex/latex/xcolor/xcolor.sty
Package: xcolor 2024/09/29 v3.02 LaTeX color extensions (UK)
 (/usr/share/texlive/texmf-dist/tex/latex/graphics-cfg/color.cfg
File: color.cfg 2016/01/02 v1.6 sample color configuration
)
Package xcolor Info: Driver file: pdftex.def on input line 274.
 (/usr/share/texlive/texmf-dist/tex/latex/graphics/mathcolor.ltx)
Package xcolor Info: Model `cmy' substituted by `cmy0' on input line 1349.
Package xcolor Info: Model `hsb' substituted by `rgb' on input line 1353.
Package xcolor Info: Model `RGB' extended on input line 1365.
Package xcolor Info: Model `HTML' substituted by `rgb' on input line 1367.
Package xcolor Info: Model `Hsb' substituted by `hsb' on input line 1368.
Package xcolor Info: Model `tHsb' substituted by `hsb' on input line 1369.
Package xcolor Info: Model `HSB' substituted by `hsb' on input line 1370.
Package xcolor Info: Model `Gray' substituted by `gray' on input line 1371.
Package xcolor Info: Model `wave' substituted by `hsb' on input line 1372.
) (/usr/share/texlive/texmf-dist/tex/latex/listings/listings.sty
\lst@mode=\count313
\lst@gtempboxa=\box65
\lst@token=\toks30
\lst@length=\count314
\lst@currlwidth=\dimen183
\lst@column=\count315
\lst@pos=\count316
\lst@lostspace=\dimen184
\lst@width=\dimen185
\lst@newlines=\count317
\lst@lineno=\count318
\lst@maxwidth=\dimen186
 (/usr/share/texlive/texmf-dist/tex/latex/listings/lstpatch.sty
File: lstpatch.sty 2024/09/23 1.10c (Carsten Heinz)
) (/usr/share/texlive/texmf-dist/tex/latex/listings/lstmisc.sty
File: lstmisc.sty 2024/09/23 1.10c (Carsten Heinz)
\c@lstnumber=\count319
\lst@skipnumbers=\count320
\lst@framebox=\box66
) (/usr/share/texlive/texmf-dist/tex/latex/listings/listings.cfg
File: listings.cfg 2024/09/23 1.10c listings configuration
))
Package: listings 2024/09/23 1.10c (Carsten Heinz)
Package hyperref Info: Option `colorlinks' set `true' on input line 66.
 (/usr/share/texlive/texmf-dist/tex/latex/l3backend/l3backend-pdftex.def
File: l3backend-pdftex.def 2024-05-08 L3 backend support: PDF output (pdfTeX)
\l__color_backend_stack_int=\count321
\l__pdf_internal_box=\box67
) (./document_main.aux)
\openout1 = `document_main.aux'.

LaTeX Font Info:    Checking defaults for OML/cmm/m/it on input line 74.
LaTeX Font Info:    ... okay on input line 74.
LaTeX Font Info:    Checking defaults for OMS/cmsy/m/n on input line 74.
LaTeX Font Info:    ... okay on input line 74.
LaTeX Font Info:    Checking defaults for OT1/cmr/m/n on input line 74.
LaTeX Font Info:    ... okay on input line 74.
LaTeX Font Info:    Checking defaults for T1/cmr/m/n on input line 74.
LaTeX Font Info:    ... okay on input line 74.
LaTeX Font Info:    Checking defaults for TS1/cmr/m/n on input line 74.
LaTeX Font Info:    ... okay on input line 74.
LaTeX Font Info:    Checking defaults for OMX/cmex/m/n on input line 74.
LaTeX Font Info:    ... okay on input line 74.
LaTeX Font Info:    Checking defaults for U/cmr/m/n on input line 74.
LaTeX Font Info:    ... okay on input line 74.
LaTeX Font Info:    Checking defaults for PD1/pdf/m/n on input line 74.
LaTeX Font Info:    ... okay on input line 74.
LaTeX Font Info:    Checking defaults for PU/pdf/m/n on input line 74.
LaTeX Font Info:    ... okay on input line 74.
 (/usr/share/texlive/texmf-dist/tex/context/base/mkii/supp-pdf.mkii
[Loading MPS to PDF converter (version 2006.09.02).]
\scratchcounter=\count322
\scratchdimen=\dimen187
\scratchbox=\box68
\nofMPsegments=\count323
\nofMParguments=\count324
\everyMPshowfont=\toks31
\MPscratchCnt=\count325
\MPscratchDim=\dimen188
\MPnumerator=\count326
\makeMPintoPDFobject=\count327
\everyMPtoPDFconversion=\toks32
) (/usr/share/texlive/texmf-dist/tex/latex/epstopdf-pkg/epstopdf-base.sty
Package: epstopdf-base 2020-01-24 v2.11 Base part for package epstopdf
Package epstopdf-base Info: Redefining graphics rule for `.eps' on input line 485.
 (/usr/share/texlive/texmf-dist/tex/latex/latexconfig/epstopdf-sys.cfg
File: epstopdf-sys.cfg 2010/07/13 v1.3 Configuration of (r)epstopdf for TeX Live
))
Package hyperref Info: Link coloring ON on input line 74.
 (./document_main.out) (./document_main.out)
\@outlinefile=\write3
\openout3 = `document_main.out'.


*geometry* driver: auto-detecting
*geometry* detected driver: pdftex
*geometry* verbose mode - [ preamble ] result:
* driver: pdftex
* paper: a4paper
* layout: <same size as paper>
* layoutoffset:(h,v)=(0.0pt,0.0pt)
* modes: 
* h-part:(L,W,R)=(72.26999pt, 452.9679pt, 72.26999pt)
* v-part:(T,H,B)=(72.26999pt, 700.50687pt, 72.26999pt)
* \paperwidth=597.50787pt
* \paperheight=845.04684pt
* \textwidth=452.9679pt
* \textheight=700.50687pt
* \oddsidemargin=0.0pt
* \evensidemargin=0.0pt
* \topmargin=-37.0pt
* \headheight=12.0pt
* \headsep=25.0pt
* \topskip=12.0pt
* \footskip=30.0pt
* \marginparwidth=35.0pt
* \marginparsep=10.0pt
* \columnsep=10.0pt
* \skip\footins=10.8pt plus 4.0pt minus 2.0pt
* \hoffset=0.0pt
* \voffset=0.0pt
* \mag=1000
* \@twocolumnfalse
* \@twosidefalse
* \@mparswitchfalse
* \@reversemarginfalse
* (1in=72.27pt=25.4mm, 1cm=28.453pt)

Package caption Info: Begin \AtBeginDocument code.
Package caption Info: listings package is loaded.
Package caption Info: End \AtBeginDocument code.
\c@lstlisting=\count328


[1

{/var/lib/texmf/fonts/map/pdftex/updmap/pdftex.map}]


pdfTeX warning (ext4): destination with the same identifier (name{page.1}) has been already used, duplicate ignored
<to be read again> 
                   \relax 
l.101 \newpage
               [1

]

[2

] (./document_main.toc

[3]

[4]

[5]

[6]

[7{/usr/share/texmf/fonts/enc/dvips/cm-super/cm-super-ts1.enc}]

[8]

[9])
\tf@toc=\write4
\openout4 = `document_main.toc'.



[10] (./document_main.lof

[11])
\tf@lof=\write5
\openout5 = `document_main.lof'.



[12] (./document_main.lot)
\tf@lot=\write6
\openout6 = `document_main.lot'.



[13] (./chapters/01_team_information.tex
Chapter 1.
) (./chapters/02_introduction.tex

[14

]
Chapter 2.


[15

]

[16]

[17]

[18]
Overfull \hbox (4.4607pt too wide) in paragraph at lines 96--97
[]\OT1/cmr/bx/n/12 Complex Man-age-ment: \OT1/cmr/m/n/12 Man-ag-ing gran-u-lar per-mis-sions across mul-ti-ple databases
 []



[19]

[20]
Overfull \hbox (0.13805pt too wide) in paragraph at lines 131--132
\OT1/cmr/m/n/12 lem. Whether stored in pass-word vaults, con-fig-u-ra-tion files, or man-u-ally en-tered, database
 []



[21]
Overfull \hbox (8.71385pt too wide) in paragraph at lines 150--152
[]\OT1/cmr/bx/n/12 Protocol-Aware In-ter-cep-tion: \OT1/cmr/m/n/12 By im-ple-ment-ing na-tive database pro-to-cols (MySQL,
 []



[22]

[23]
<images/what-zgate-implements.png, id=1480, 632.96475pt x 159.59625pt>
File: images/what-zgate-implements.png Graphic file (type png)
<use images/what-zgate-implements.png>
Package pdftex.def Info: images/what-zgate-implements.png  used on input line 203.
(pdftex.def)             Requested size: 226.48395pt x 57.10635pt.

Overfull \hbox (21.34798pt too wide) in paragraph at lines 214--215
[]\OT1/cmr/bx/n/12 Developer Ex-pe-ri-ence: \OT1/cmr/m/n/12 Le-git-i-mate users ex-pe-ri-ence min-i-mal fric-tion|authentication
 []


Underfull \hbox (badness 2020) in paragraph at lines 228--229
[]|\OT1/cmr/m/n/12 Access is scoped per-database, per-
 []


LaTeX Warning: `h' float specifier changed to `ht'.

) (./chapters/03_project_definition.tex

[24 <./images/what-zgate-implements.png>]

[25]
Chapter 3.

Overfull \hbox (11.83607pt too wide) in paragraph at lines 18--19
[]\OT1/cmr/bx/n/12 Temporary Cre-den-tial Sys-tem: \OT1/cmr/m/n/12 Au-to-mated gen-er-a-tion of session-specific database
 []


Overfull \hbox (4.16763pt too wide) in paragraph at lines 18--19
\OT1/cmr/m/n/12 users with unique, cryp-to-graph-i-cally se-cure cre-den-tials that are au-to-mat-i-cally purged
 []


Overfull \hbox (5.29117pt too wide) in paragraph at lines 19--20
[]\OT1/cmr/bx/n/12 Session Man-age-ment: \OT1/cmr/m/n/12 Per-user, per-database ses-sion track-ing with con-text preser-
 []



[26

]

[27]

[28]

[29]

[30]

[31]) (./chapters/04_requirements.tex

[32]
Chapter 4.


[33

]

[34]

[35]
<images/actor-diagram.png, id=1549, 552.26324pt x 401.70074pt>
File: images/actor-diagram.png Graphic file (type png)
<use images/actor-diagram.png>
Package pdftex.def Info: images/actor-diagram.png  used on input line 140.
(pdftex.def)             Requested size: 362.37569pt x 263.58481pt.


[36 <./images/actor-diagram.png>]

[37]

[38]

[39]

[40]

[41]

[42]

[43]

[44]

[45]
<images/enduser-use-cases.png, id=1717, 2363.83125pt x 801.99625pt>
File: images/enduser-use-cases.png Graphic file (type png)
<use images/enduser-use-cases.png>
Package pdftex.def Info: images/enduser-use-cases.png  used on input line 528.
(pdftex.def)             Requested size: 362.37569pt x 122.93753pt.


[46]
<images/administrator-use-cases.png, id=1734, 7066.4pt x 923.45pt>
File: images/administrator-use-cases.png Graphic file (type png)
<use images/administrator-use-cases.png>
Package pdftex.def Info: images/administrator-use-cases.png  used on input line 536.
(pdftex.def)             Requested size: 362.37569pt x 47.34473pt.
<images/complete-system-use-case.png, id=1735, 6530.3975pt x 1022.82124pt>
File: images/complete-system-use-case.png Graphic file (type png)
<use images/complete-system-use-case.png>
Package pdftex.def Info: images/complete-system-use-case.png  used on input line 543.
(pdftex.def)             Requested size: 362.37569pt x 56.74695pt.
<images/system-component-interaction.png, id=1736, 3716.88625pt x 3025.3025pt>
File: images/system-component-interaction.png Graphic file (type png)
<use images/system-component-interaction.png>
Package pdftex.def Info: images/system-component-interaction.png  used on input line 550.
(pdftex.def)             Requested size: 362.37569pt x 294.93118pt.


[47 <./images/enduser-use-cases.png> <./images/administrator-use-cases.png> <./images/complete-system-use-case.png>]
Underfull \hbox (badness 10000) in paragraph at lines 561--562

 []



[48 <./images/system-component-interaction.png>]
Underfull \hbox (badness 10000) in paragraph at lines 579--580

 []


Underfull \hbox (badness 10000) in paragraph at lines 597--598

 []


Underfull \hbox (badness 10000) in paragraph at lines 617--618

 []



[49]
Underfull \hbox (badness 10000) in paragraph at lines 634--635

 []


Underfull \hbox (badness 10000) in paragraph at lines 651--652

 []



[50]
Underfull \hbox (badness 10000) in paragraph at lines 667--668

 []


Underfull \hbox (badness 10000) in paragraph at lines 688--689

 []



[51]
Underfull \hbox (badness 10000) in paragraph at lines 707--708

 []


Underfull \hbox (badness 10000) in paragraph at lines 725--726

 []


Underfull \hbox (badness 10000) in paragraph at lines 745--746

 []



[52]
Underfull \hbox (badness 10000) in paragraph at lines 764--765

 []


Underfull \hbox (badness 10000) in paragraph at lines 782--783

 []



[53]
Underfull \hbox (badness 10000) in paragraph at lines 801--802

 []


Underfull \hbox (badness 10000) in paragraph at lines 818--819

 []



[54]
Underfull \hbox (badness 10000) in paragraph at lines 837--838

 []


Underfull \hbox (badness 10000) in paragraph at lines 856--857

 []



[55]
Underfull \hbox (badness 10000) in paragraph at lines 874--875

 []


Underfull \hbox (badness 10000) in paragraph at lines 893--894

 []


Underfull \hbox (badness 10000) in paragraph at lines 911--912

 []



[56]
Underfull \hbox (badness 10000) in paragraph at lines 932--933

 []


Underfull \hbox (badness 10000) in paragraph at lines 950--951

 []



[57]
Underfull \hbox (badness 10000) in paragraph at lines 968--969

 []


Underfull \hbox (badness 10000) in paragraph at lines 989--990

 []



[58]
Underfull \hbox (badness 10000) in paragraph at lines 1008--1009

 []


Underfull \hbox (badness 10000) in paragraph at lines 1026--1027

 []



[59]
Underfull \hbox (badness 10000) in paragraph at lines 1044--1045

 []

) (./chapters/05_proposed_solution.tex

[60]
Chapter 5.
<images/zgate-sol.png, id=1835, 2712.1325pt x 646.415pt>
File: images/zgate-sol.png Graphic file (type png)
<use images/zgate-sol.png>
Package pdftex.def Info: images/zgate-sol.png  used on input line 28.
(pdftex.def)             Requested size: 362.37569pt x 86.36467pt.


[61

]
<images/backend.png, id=1846, 4137.4575pt x 2314.6475pt>
File: images/backend.png Graphic file (type png)
<use images/backend.png>
Package pdftex.def Info: images/backend.png  used on input line 41.
(pdftex.def)             Requested size: 362.37569pt x 202.69362pt.


[62 <./images/zgate-sol.png> <./images/backend.png>]
<images/CLI-workflow.png, id=1855, 2453.165pt x 3161.8125pt>
File: images/CLI-workflow.png Graphic file (type png)
<use images/CLI-workflow.png>
Package pdftex.def Info: images/CLI-workflow.png  used on input line 94.
(pdftex.def)             Requested size: 362.37569pt x 467.01462pt.


[63]

[64 <./images/CLI-workflow.png>]

[65]
<images/tech-stack.png, id=1873, 2557.555pt x 1405.25pt>
File: images/tech-stack.png Graphic file (type png)
<use images/tech-stack.png>
Package pdftex.def Info: images/tech-stack.png  used on input line 182.
(pdftex.def)             Requested size: 362.37569pt x 199.09232pt.


[66]
<images/security-layers.png, id=1880, 2352.79pt x 1866.975pt>
File: images/security-layers.png Graphic file (type png)
<use images/security-layers.png>
Package pdftex.def Info: images/security-layers.png  used on input line 194.
(pdftex.def)             Requested size: 362.37569pt x 287.52643pt.


[67 <./images/tech-stack.png>]
Underfull \hbox (badness 2772) in paragraph at lines 206--206
[]|\OT1/cmr/m/n/12 No static cre-den-tials ex-
 []


Underfull \hbox (badness 10000) in paragraph at lines 208--208
[]|\OT1/cmr/m/n/12 Database-level per-mis-sion
 []


Underfull \hbox (badness 3471) in paragraph at lines 210--211
[]|\OT1/cmr/m/n/12 Every con-nec-tion re-quest
 []


Underfull \hbox (badness 6575) in paragraph at lines 218--219
[]|\OT1/cmr/m/n/12 Temporary users deleted
 []


Underfull \hbox (badness 1112) in paragraph at lines 220--221
[]|\OT1/cmr/m/n/12 TLS sup-port for back-end
 []



[68 <./images/security-layers.png>]

[69]) (./chapters/06_standards.tex

[70]
Chapter 6.
<images/PCI-DSS.png, id=1906, 540.0175pt x 464.73625pt>
File: images/PCI-DSS.png Graphic file (type png)
<use images/PCI-DSS.png>
Package pdftex.def Info: images/PCI-DSS.png  used on input line 14.
(pdftex.def)             Requested size: 226.48395pt x 194.90424pt.


[71

 <./images/PCI-DSS.png>]
<images/GDPR.png, id=1912, 1027.84pt x 434.62375pt>
File: images/GDPR.png Graphic file (type png)
<use images/GDPR.png>
Package pdftex.def Info: images/GDPR.png  used on input line 35.
(pdftex.def)             Requested size: 317.07614pt x 134.07541pt.
) (./chapters/07_competitor_analysis.tex

[72 <./images/GDPR.png>]
Chapter 7.
) (./chapters/08_literature_review.tex

[73

]
Chapter 8.

Overfull \hbox (17.8851pt too wide) in paragraph at lines 24--25
[]\OT1/cmr/bx/n/12 Data in-ges-tion: \OT1/cmr/m/n/12 Col-lect logs (net-work, sys-tem, ap-pli-ca-tion) via tools like Splunk/ELK 
 []



[74

]

[75]

[76]

[77]

[78]

[79]
Overfull \hbox (11.53987pt too wide) in paragraph at lines 233--233
|[]\OT1/cmr/bx/n/17.28 Drivolution: Re-think-ing the Database Driver Life-
 []



[80]

[81]

[82]

[83]

[84]
Overfull \hbox (51.45598pt too wide) in paragraph at lines 403--404
[]\OT1/cmr/bx/n/12 Centralized pol-icy en-force-ment: \OT1/cmr/m/n/12 Stor-ing ac-cess poli-cies in the database (driver[]permission
 []



[85]

[86]

[87]
Overfull \hbox (27.18202pt too wide) in paragraph at lines 467--469
[][]$\OT1/cmtt/m/n/12 https : / / www . researchgate . net / publication / 43651762 _ Drivolution _ Rethinking _
 []



[88]) (./chapters/09_technical_background.tex

[89]
Chapter 9.


[90

]
<images/gmp_architecture.png, id=2026, 2505.36pt x 1702.36pt>
File: images/gmp_architecture.png Graphic file (type png)
<use images/gmp_architecture.png>
Package pdftex.def Info: images/gmp_architecture.png  used on input line 56.
(pdftex.def)             Requested size: 294.42636pt x 200.04031pt.


[91 <./images/gmp_architecture.png (PNG copy)>]
Overfull \hbox (5.3504pt too wide) in paragraph at lines 63--64
[]\OT1/cmr/bx/n/12 G (Gor-ou-tine)\OT1/cmr/m/n/12 : A gor-ou-tine is a lightweight co-op-er-a-tive thread with a dynamically-
 []



[92]

[93]
Overfull \hbox (15.88239pt too wide) in paragraph at lines 129--130
[]\OT1/cmr/bx/n/12 Administrative op-er-a-tion co-or-di-na-tion\OT1/cmr/m/n/12 : Grace-ful shut-down, con-fig-u-ra-tion reloads 
 []



[94]
<images/tcp_in_goroutines.jpg, id=2056, 1027.84pt x 561.09625pt>
File: images/tcp_in_goroutines.jpg Graphic file (type jpg)
<use images/tcp_in_goroutines.jpg>
Package pdftex.def Info: images/tcp_in_goroutines.jpg  used on input line 177.
(pdftex.def)             Requested size: 385.02547pt x 210.18797pt.


[95 <./images/tcp_in_goroutines.jpg>]
Overfull \hbox (3.08424pt too wide) in paragraph at lines 204--205
[]\OT1/cmtt/m/n/12 SetWriteDeadline(time.Now().Add(timeout))\OT1/cmr/m/n/12 : Aborts write if socket buffer
 []



[96]
<images/context_propagation_in_golang.jpg, id=2069, 1027.84pt x 561.09625pt>
File: images/context_propagation_in_golang.jpg Graphic file (type jpg)
<use images/context_propagation_in_golang.jpg>
Package pdftex.def Info: images/context_propagation_in_golang.jpg  used on input line 264.
(pdftex.def)             Requested size: 317.07614pt x 173.09044pt.


[97 <./images/context_propagation_in_golang.jpg>]
<images/generic_DB_protocol_stack.jpg, id=2076, 1027.84pt x 561.09625pt>
File: images/generic_DB_protocol_stack.jpg Graphic file (type jpg)
<use images/generic_DB_protocol_stack.jpg>
Package pdftex.def Info: images/generic_DB_protocol_stack.jpg  used on input line 326.
(pdftex.def)             Requested size: 317.07614pt x 173.09044pt.


[98]
<images/mysql_handshake.png, id=2086, 1405.25pt x 753.81625pt>
File: images/mysql_handshake.png Graphic file (type png)
<use images/mysql_handshake.png>
Package pdftex.def Info: images/mysql_handshake.png  used on input line 348.
(pdftex.def)             Requested size: 317.07614pt x 170.08443pt.


[99 <./images/generic_DB_protocol_stack.jpg>]
<images/mysql_packet.jpg, id=2092, 1027.84pt x 561.09625pt>
File: images/mysql_packet.jpg Graphic file (type jpg)
<use images/mysql_packet.jpg>
Package pdftex.def Info: images/mysql_packet.jpg  used on input line 383.
(pdftex.def)             Requested size: 385.02547pt x 210.18797pt.


[100 <./images/mysql_handshake.png>]

[101 <./images/mysql_packet.jpg>]
<images/mysql_command_packet.jpg, id=2107, 1027.84pt x 561.09625pt>
File: images/mysql_command_packet.jpg Graphic file (type jpg)
<use images/mysql_command_packet.jpg>
Package pdftex.def Info: images/mysql_command_packet.jpg  used on input line 445.
(pdftex.def)             Requested size: 407.66833pt x 222.5424pt.
<images/mysql_command_lifecycle.jpg, id=2108, 1027.84pt x 561.09625pt>
File: images/mysql_command_lifecycle.jpg Graphic file (type jpg)
<use images/mysql_command_lifecycle.jpg>
Package pdftex.def Info: images/mysql_command_lifecycle.jpg  used on input line 454.
(pdftex.def)             Requested size: 407.66833pt x 222.5424pt.


[102 <./images/mysql_command_packet.jpg>]

[103 <./images/mysql_command_lifecycle.jpg>]

[104]

[105]

[106]

[107]

[108]

[109]

[110]

[111]

[112]

[113]

[114]

[115]

[116]

[117]

[118]

[119]

[120]

[121]

[122]

[123]

[124]) (./chapters/10_system_architecture.tex

[125]
Chapter 10.
) (./chapters/11_proxy_architecture.tex

[126

]
Chapter 11.
<images/key-components.png, id=2290, 3325.42375pt x 1082.0425pt>
File: images/key-components.png Graphic file (type png)
<use images/key-components.png>
Package pdftex.def Info: images/key-components.png  used on input line 12.
(pdftex.def)             Requested size: 362.37569pt x 117.90231pt.
<images/lifecycle-states.png, id=2291, 906.38625pt x 2758.305pt>
File: images/lifecycle-states.png Graphic file (type png)
<use images/lifecycle-states.png>
Package pdftex.def Info: images/lifecycle-states.png  used on input line 23.
(pdftex.def)             Requested size: 226.48395pt x 689.23785pt.


[127

 <./images/key-components.png>]

[128]
Overfull \vbox (54.31891pt too high) has occurred while \output is active []



[129 <./images/lifecycle-states.png>]
<images/detailed-lifecycle-flow.png, id=2308, 5039.82875pt x 5313.8525pt>
File: images/detailed-lifecycle-flow.png Graphic file (type png)
<use images/detailed-lifecycle-flow.png>
Package pdftex.def Info: images/detailed-lifecycle-flow.png  used on input line 30.
(pdftex.def)             Requested size: 362.37569pt x 382.06195pt.
<images/auth-arch.png, id=2309, 3845.36626pt x 1180.41pt>
File: images/auth-arch.png Graphic file (type png)
<use images/auth-arch.png>
Package pdftex.def Info: images/auth-arch.png  used on input line 41.
(pdftex.def)             Requested size: 271.7835pt x 83.41164pt.


[130 <./images/detailed-lifecycle-flow.png>]
LaTeX Font Info:    Trying to load font information for OMS+cmtt on input line 52.
LaTeX Font Info:    No file OMScmtt.fd. on input line 52.


LaTeX Font Warning: Font shape `OMS/cmtt/m/n' undefined
(Font)              using `OMS/cmsy/m/n' instead
(Font)              for symbol `textbraceleft' on input line 52.

<images/token-refresh-flow.png, id=2315, 2015.53pt x 2146.0175pt>
File: images/token-refresh-flow.png Graphic file (type png)
<use images/token-refresh-flow.png>
Package pdftex.def Info: images/token-refresh-flow.png  used on input line 87.
(pdftex.def)             Requested size: 362.37569pt x 385.84079pt.


[131 <./images/auth-arch.png>]
<images/permission-levels.png, id=2337, 1618.045pt x 1792.6975pt>
File: images/permission-levels.png Graphic file (type png)
<use images/permission-levels.png>
Package pdftex.def Info: images/permission-levels.png  used on input line 98.
(pdftex.def)             Requested size: 362.37569pt x 401.47945pt.


[132 <./images/token-refresh-flow.png>]
<images/permission-enforcement.png, id=2344, 2683.02374pt x 2021.5525pt>
File: images/permission-enforcement.png Graphic file (type png)
<use images/permission-enforcement.png>
Package pdftex.def Info: images/permission-enforcement.png  used on input line 105.
(pdftex.def)             Requested size: 362.37569pt x 273.0212pt.


[133 <./images/permission-levels.png>]
<images/temp-user.png, id=2351, 2285.53876pt x 1716.4125pt>
File: images/temp-user.png Graphic file (type png)
<use images/temp-user.png>
Package pdftex.def Info: images/temp-user.png  used on input line 153.
(pdftex.def)             Requested size: 362.37569pt x 272.11734pt.


[134 <./images/permission-enforcement.png>]
<images/policy-arch.png, id=2361, 2324.685pt x 1065.9825pt>
File: images/policy-arch.png Graphic file (type png)
<use images/policy-arch.png>
Package pdftex.def Info: images/policy-arch.png  used on input line 164.
(pdftex.def)             Requested size: 362.37569pt x 166.15271pt.
<images/real-time-policy.png, id=2362, 2838.605pt x 2113.8975pt>
File: images/real-time-policy.png Graphic file (type png)
<use images/real-time-policy.png>
Package pdftex.def Info: images/real-time-policy.png  used on input line 173.
(pdftex.def)             Requested size: 362.37569pt x 269.84898pt.


[135 <./images/temp-user.png> <./images/policy-arch.png>]
<images/policy-enforcement-point.png, id=2370, 2796.4475pt x 1040.88875pt>
File: images/policy-enforcement-point.png Graphic file (type png)
<use images/policy-enforcement-point.png>
Package pdftex.def Info: images/policy-enforcement-point.png  used on input line 182.
(pdftex.def)             Requested size: 362.37569pt x 134.87556pt.


[136 <./images/real-time-policy.png> <./images/policy-enforcement-point.png>]

[137]
Overfull \hbox (8.02888pt too wide) in paragraph at lines 230--231
[]\OT1/cmr/bx/n/12 User \OT1/cmr/m/n/12 uses \OT1/cmr/bx/n/12 DB-Client \OT1/cmr/m/n/12 (e.g., \OT1/cmtt/m/n/12 mysql -h localhost -P 5001 -u zgate[]kemo[]abc123\OT1/cmr/m/n/12 ) 
 []

) (./chapters/12_data_flow.tex

[138]
Chapter 12.
) (./chapters/13_technology_justification.tex

[139

]
Chapter 13.


[140

]

[141]

[142]
Overfull \hbox (2.65378pt too wide) in paragraph at lines 59--60
\OT1/cmr/m/n/12 Modern ad-min-is-tra-tive in-ter-faces re-quire com-pre-hen-sive Cre-ate, Read, Up-date, and Delete
 []



[143]) (./chapters/14_prototype.tex

[144]
Chapter 14.
) (./chapters/15_methodology.tex

[145

]
Chapter 15.


[146

]
Overfull \hbox (3.51144pt too wide) in paragraph at lines 38--39
[]\OT1/cmr/m/n/12 Serves as the sin-gle source of truth for the project
 []



[147]) (./chapters/16_task_tracking.tex

[148]
Chapter 16.
) (./chapters/17_milestones.tex

[149

]
Chapter 17.
) (./chapters/18_threat_model.tex

[150

]
Chapter 18.
) (./chapters/19_roadmap_term2.tex

[151

]
Chapter 19.
) (./chapters/20_team_contribution.tex

[152

]
Chapter 20.
) (./chapters/21_expected_outcomes.tex

[153

]
Chapter 21.
) (./chapters/22_conclusion.tex

[154

]
Chapter 22.
)

[155

] (./document_main.bbl

[156

]

LaTeX Warning: Empty `thebibliography' environment on input line 3.

) (./chapters/appendices.tex

[157

]
Appendix A.


[158

]
Appendix B.
)

[159

] (./document_main.aux)
 ***********
LaTeX2e <2024-11-01> patch level 2
L3 programming layer <2025-01-18>
 ***********


LaTeX Font Warning: Some font shapes were not available, defaults substituted.

Package rerunfilecheck Info: File `document_main.out' has not changed.
(rerunfilecheck)             Checksum: 730DAB0526FDC66D131FB0D43F453CD9;47775.
 ) 
Here is how much of TeX's memory you used:
 16101 strings out of 473197
 255078 string characters out of 5718604
 696213 words of memory out of 5000000
 38255 multiletter control sequences out of 15000+600000
 565989 words of font info for 61 fonts, out of 8000000 for 9000
 1141 hyphenation exceptions out of 8191
 75i,10n,79p,864b,1414s stack positions out of 10000i,1000n,20000p,200000b,200000s
</usr/share/texlive/texmf-dist/fonts/type1/public/amsfonts/cm/cmbx12.pfb></usr/share/texlive/texmf-dist/fonts/type1/public/amsfonts/cm/cmmi12.pfb></usr/share/texlive/texmf-dist/fonts/type1/public/amsfonts/cm/cmr12.pfb></usr/share/texlive/texmf-dist/fonts/type1/public/amsfonts/cm/cmr17.pfb></usr/share/texlive/texmf-dist/fonts/type1/public/amsfonts/cm/cmsy10.pfb></usr/share/texlive/texmf-dist/fonts/type1/public/amsfonts/cm/cmti12.pfb></usr/share/texlive/texmf-dist/fonts/type1/public/amsfonts/cm/cmtt10.pfb></usr/share/texlive/texmf-dist/fonts/type1/public/amsfonts/cm/cmtt12.pfb></usr/share/texmf/fonts/type1/public/cm-super/sfbx1728.pfb></usr/share/texmf/fonts/type1/public/cm-super/sfrm1200.pfb>
Output written on document_main.pdf (160 pages, 8834972 bytes).
PDF statistics:
 2756 PDF objects out of 2984 (max. 8388607)
 2492 compressed objects within 25 object streams
 854 named destinations out of 1000 (max. 500000)
 2177 words of extra memory for PDF output out of 10000 (max. 10000000)

